2024-05-28 13:07:54,501: pymultiimport_main.py:multi_import:91: INFO: filenames:['100k.txt.1', '100k.txt.2']
2024-05-28 13:07:54,502: pymultiimport_main.py:multi_import:115: INFO: Poolsize:2
2024-05-28 13:07:54,502: pymultiimport_main.py:multi_import:117: INFO: Fork using:'spawn'
2024-05-28 13:07:54,502: pymultiimport_main.py:multi_import:120: INFO: Started multi-import...
2024-05-28 13:07:54,505: pymultiimport_main.py:multi_import:135: INFO: Write concern : 0
2024-05-28 13:07:54,505: pymultiimport_main.py:multi_import:136: INFO: journal       : False
2024-05-28 13:07:54,505: pymultiimport_main.py:multi_import:137: INFO: fsync         : False
2024-05-28 13:07:54,505: pymultiimport_main.py:multi_import:138: INFO: has header    : False
2024-05-28 13:07:54,505: pymultiimport_main.py:multi_import:171: WARNING: No such file: '100k.txt.1' ignoring
2024-05-28 13:07:54,505: pymultiimport_main.py:multi_import:171: WARNING: No such file: '100k.txt.2' ignoring
2024-05-28 13:07:54,505: pymultiimport_main.py:multi_import:184: INFO: Total elapsed time:0.003593
2024-05-28 13:09:14,331: pymultiimport_main.py:multi_import:91: INFO: filenames:['100k.txt.1', '100k.txt.2']
2024-05-28 13:09:14,331: pymultiimport_main.py:multi_import:115: INFO: Poolsize:2
2024-05-28 13:09:14,331: pymultiimport_main.py:multi_import:117: INFO: Fork using:'spawn'
2024-05-28 13:09:14,332: pymultiimport_main.py:multi_import:120: INFO: Started multi-import...
2024-05-28 13:09:14,334: pymultiimport_main.py:multi_import:135: INFO: Write concern : 0
2024-05-28 13:09:14,335: pymultiimport_main.py:multi_import:136: INFO: journal       : False
2024-05-28 13:09:14,335: pymultiimport_main.py:multi_import:137: INFO: fsync         : False
2024-05-28 13:09:14,335: pymultiimport_main.py:multi_import:138: INFO: has header    : False
2024-05-28 13:09:14,335: pymultiimport_main.py:multi_import:171: WARNING: No such file: '100k.txt.1' ignoring
2024-05-28 13:09:14,335: pymultiimport_main.py:multi_import:171: WARNING: No such file: '100k.txt.2' ignoring
2024-05-28 13:09:14,335: pymultiimport_main.py:multi_import:184: INFO: Total elapsed time:0.003341
