2024-03-11 18:37:50,817 - DEBUG - CACHEDIR=C:\Users\kibet\.matplotlib
2024-03-11 18:37:50,927 - DEBUG - Using fontManager instance from C:\Users\kibet\.matplotlib\fontlist-v330.json
2024-03-25 21:41:20,796 - DEBUG - CACHEDIR=C:\Users\kibet\.matplotlib
2024-03-25 21:41:20,810 - DEBUG - Using fontManager instance from C:\Users\kibet\.matplotlib\fontlist-v330.json
2024-03-25 21:41:21,796 - INFO - Live monitoring Qss/scss/defaultStyle.scss file for changes
2024-03-25 21:41:21,796 - ERROR - Error: Qss/scss/defaultStyle.scss file not found
2024-03-25 21:42:28,418 - DEBUG - CACHEDIR=C:\Users\kibet\.matplotlib
2024-03-25 21:42:28,421 - DEBUG - Using fontManager instance from C:\Users\kibet\.matplotlib\fontlist-v330.json
2024-03-25 21:42:30,158 - INFO - Live monitoring Qss/scss/defaultStyle.scss file for changes
2024-03-25 21:42:30,158 - ERROR - Error: Qss/scss/defaultStyle.scss file not found
2024-03-25 21:48:58,294 - DEBUG - CACHEDIR=C:\Users\kibet\.matplotlib
2024-03-25 21:48:58,302 - DEBUG - Using fontManager instance from C:\Users\kibet\.matplotlib\fontlist-v330.json
2024-03-25 21:48:59,391 - INFO - Live monitoring Qss/scss/defaultStyle.scss file for changes
2024-03-25 21:48:59,392 - ERROR - Error: Qss/scss/defaultStyle.scss file not found
2024-03-25 21:48:59,496 - ERROR - Error loading your JSON files: 'E:\Spinn TV Tut\dashboard\<_io.TextIOWrapper name='E:\Spinn TV Tut\dashboard\json-styles\main.json' mode='r' encoding='cp1252'>' does not exist
2024-03-25 21:48:59,501 - ERROR - Error loading your JSON files: 'E:\Spinn TV Tut\dashboard\<_io.TextIOWrapper name='E:\Spinn TV Tut\dashboard\json-styles\main_window.json' mode='r' encoding='cp1252'>' does not exist
2024-03-25 21:49:00,587 - INFO - Checking icons for Default-Light theme. Icons color: #444444
2024-03-25 21:52:27,261 - INFO - Checking icons for Default-Dark theme. Icons color: #fefefe
2024-03-25 21:53:55,028 - INFO - Checking icons for qt designer app.
2024-03-26 10:00:49,862 - DEBUG - CACHEDIR=C:\Users\kibet\.matplotlib
2024-03-26 10:00:49,881 - DEBUG - Using fontManager instance from C:\Users\kibet\.matplotlib\fontlist-v330.json
2024-03-26 10:00:50,420 - INFO - Live monitoring Qss/scss/defaultStyle.scss file for changes
2024-03-26 10:08:19,588 - DEBUG - CACHEDIR=C:\Users\kibet\.matplotlib
2024-03-26 10:08:19,590 - DEBUG - Using fontManager instance from C:\Users\kibet\.matplotlib\fontlist-v330.json
2024-03-26 10:08:20,114 - INFO - Live monitoring Qss/scss/defaultStyle.scss file for changes
2024-03-26 10:08:20,115 - ERROR - Error: JSON file <_io.TextIOWrapper name='E:\\Spinn TV Tut\\dashboard\\json-styles\\main.json' mode='r' encoding='cp1252'> not found
2024-03-26 10:08:20,115 - ERROR - Error: JSON file <_io.TextIOWrapper name='E:\\Spinn TV Tut\\dashboard\\json-styles\\main_window.json' mode='r' encoding='cp1252'> not found
2024-03-26 10:08:20,529 - ERROR - Error loading your JSON files: 'E:\Spinn TV Tut\dashboard\<_io.TextIOWrapper name='E:\Spinn TV Tut\dashboard\json-styles\main.json' mode='r' encoding='cp1252'>' does not exist
2024-03-26 10:08:20,530 - ERROR - Error loading your JSON files: 'E:\Spinn TV Tut\dashboard\<_io.TextIOWrapper name='E:\Spinn TV Tut\dashboard\json-styles\main_window.json' mode='r' encoding='cp1252'>' does not exist
2024-03-26 10:08:21,382 - INFO - Checking icons for Default-Light theme. Icons color: #444444
